[2025-06-07 10:20:19] INFO in dispatcher: Start polling
[2025-06-07 10:20:19] INFO in dispatcher: Run polling for bot @prot_xafda_bot id=7616289372 - 'prot_bot'
[2025-06-07 10:21:00] INFO in dispatcher: Update id=219027672 is handled. Duration 250 ms by bot id=7616289372
[2025-06-07 10:21:03] INFO in dispatcher: Update id=219027673 is handled. Duration 93 ms by bot id=7616289372
[2025-06-07 10:21:05] INFO in dispatcher: Update id=219027674 is handled. Duration 200 ms by bot id=7616289372
[2025-06-07 10:21:06] INFO in dispatcher: Update id=219027675 is handled. Duration 204 ms by bot id=7616289372
[2025-06-07 10:21:07] INFO in dispatcher: Update id=219027676 is not handled. Duration 0 ms by bot id=7616289372
[2025-06-07 10:21:07] ERROR in dispatcher: Cause exception while process update id=219027676 by bot id=7616289372
AttributeError: 'NoneType' object has no attribute 'text'
Traceback (most recent call last):
  File "C:\Users\arsry\AppData\Local\Programs\Python\Python313\Lib\site-packages\aiogram\dispatcher\dispatcher.py", line 309, in _process_update
    response = await self.feed_update(bot, update, **kwargs)
               ^^^^^^^^^^^^^^^^^^^^^^^^^^^^^^^^^^^^^^^^^^^^^
  File "C:\Users\arsry\AppData\Local\Programs\Python\Python313\Lib\site-packages\aiogram\dispatcher\dispatcher.py", line 158, in feed_update
    response = await self.update.wrap_outer_middleware(
               ^^^^^^^^^^^^^^^^^^^^^^^^^^^^^^^^^^^^^^^^
    ...<7 lines>...
    )
    ^
  File "C:\Users\arsry\AppData\Local\Programs\Python\Python313\Lib\site-packages\aiogram\dispatcher\middlewares\error.py", line 25, in __call__
    return await handler(event, data)
           ^^^^^^^^^^^^^^^^^^^^^^^^^^
  File "C:\Users\arsry\AppData\Local\Programs\Python\Python313\Lib\site-packages\aiogram\dispatcher\middlewares\user_context.py", line 56, in __call__
    return await handler(event, data)
           ^^^^^^^^^^^^^^^^^^^^^^^^^^
  File "C:\Users\arsry\AppData\Local\Programs\Python\Python313\Lib\site-packages\aiogram\fsm\middleware.py", line 42, in __call__
    return await handler(event, data)
           ^^^^^^^^^^^^^^^^^^^^^^^^^^
  File "C:\Users\arsry\AppData\Local\Programs\Python\Python313\Lib\site-packages\aiogram\dispatcher\event\telegram.py", line 121, in trigger
    return await wrapped_inner(event, kwargs)
           ^^^^^^^^^^^^^^^^^^^^^^^^^^^^^^^^^^
  File "C:\Users\arsry\AppData\Local\Programs\Python\Python313\Lib\site-packages\aiogram\dispatcher\event\handler.py", line 43, in call
    return await wrapped()
           ^^^^^^^^^^^^^^^
  File "C:\Users\arsry\AppData\Local\Programs\Python\Python313\Lib\site-packages\aiogram\dispatcher\dispatcher.py", line 276, in _listen_update
    return await self.propagate_event(update_type=update_type, event=event, **kwargs)
           ^^^^^^^^^^^^^^^^^^^^^^^^^^^^^^^^^^^^^^^^^^^^^^^^^^^^^^^^^^^^^^^^^^^^^^^^^^
  File "C:\Users\arsry\AppData\Local\Programs\Python\Python313\Lib\site-packages\aiogram\dispatcher\router.py", line 146, in propagate_event
    return await observer.wrap_outer_middleware(_wrapped, event=event, data=kwargs)
           ^^^^^^^^^^^^^^^^^^^^^^^^^^^^^^^^^^^^^^^^^^^^^^^^^^^^^^^^^^^^^^^^^^^^^^^^
  File "C:\Users\arsry\AppData\Local\Programs\Python\Python313\Lib\site-packages\aiogram\dispatcher\router.py", line 141, in _wrapped
    return await self._propagate_event(
           ^^^^^^^^^^^^^^^^^^^^^^^^^^^^
        observer=observer, update_type=update_type, event=telegram_event, **data
        ^^^^^^^^^^^^^^^^^^^^^^^^^^^^^^^^^^^^^^^^^^^^^^^^^^^^^^^^^^^^^^^^^^^^^^^^
    )
    ^
  File "C:\Users\arsry\AppData\Local\Programs\Python\Python313\Lib\site-packages\aiogram\dispatcher\router.py", line 174, in _propagate_event
    response = await router.propagate_event(update_type=update_type, event=event, **kwargs)
               ^^^^^^^^^^^^^^^^^^^^^^^^^^^^^^^^^^^^^^^^^^^^^^^^^^^^^^^^^^^^^^^^^^^^^^^^^^^^
  File "C:\Users\arsry\AppData\Local\Programs\Python\Python313\Lib\site-packages\aiogram\dispatcher\router.py", line 146, in propagate_event
    return await observer.wrap_outer_middleware(_wrapped, event=event, data=kwargs)
           ^^^^^^^^^^^^^^^^^^^^^^^^^^^^^^^^^^^^^^^^^^^^^^^^^^^^^^^^^^^^^^^^^^^^^^^^
  File "C:\Users\arsry\AppData\Local\Programs\Python\Python313\Lib\site-packages\aiogram\dispatcher\router.py", line 141, in _wrapped
    return await self._propagate_event(
           ^^^^^^^^^^^^^^^^^^^^^^^^^^^^
        observer=observer, update_type=update_type, event=telegram_event, **data
        ^^^^^^^^^^^^^^^^^^^^^^^^^^^^^^^^^^^^^^^^^^^^^^^^^^^^^^^^^^^^^^^^^^^^^^^^
    )
    ^
  File "C:\Users\arsry\AppData\Local\Programs\Python\Python313\Lib\site-packages\aiogram\dispatcher\router.py", line 166, in _propagate_event
    response = await observer.trigger(event, **kwargs)
               ^^^^^^^^^^^^^^^^^^^^^^^^^^^^^^^^^^^^^^^
  File "C:\Users\arsry\AppData\Local\Programs\Python\Python313\Lib\site-packages\aiogram\dispatcher\event\telegram.py", line 121, in trigger
    return await wrapped_inner(event, kwargs)
           ^^^^^^^^^^^^^^^^^^^^^^^^^^^^^^^^^^
  File "C:\Users\arsry\OneDrive\Рабочий стол\бот3(готово)\middlewares\throttling.py", line 42, in __call__
    return await handler(message, data)
           ^^^^^^^^^^^^^^^^^^^^^^^^^^^^
  File "C:\Users\arsry\AppData\Local\Programs\Python\Python313\Lib\site-packages\aiogram\dispatcher\event\handler.py", line 43, in call
    return await wrapped()
           ^^^^^^^^^^^^^^^
  File "C:\Users\arsry\OneDrive\Рабочий стол\бот3(готово)\routers\support.py", line 53, in admin_reply
    original_message = message.reply_to_message.text
                       ^^^^^^^^^^^^^^^^^^^^^^^^^^^^^
AttributeError: 'NoneType' object has no attribute 'text'
[2025-06-07 10:22:56] INFO in dispatcher: Start polling
[2025-06-07 10:22:56] INFO in dispatcher: Run polling for bot @prot_xafda_bot id=7616289372 - 'prot_bot'
[2025-06-07 10:22:58] INFO in dispatcher: Update id=219027677 is handled. Duration 214 ms by bot id=7616289372
[2025-06-07 10:22:59] INFO in dispatcher: Update id=219027678 is handled. Duration 199 ms by bot id=7616289372
[2025-06-07 10:23:02] INFO in dispatcher: Update id=219027679 is not handled. Duration 0 ms by bot id=7616289372
[2025-06-07 10:23:07] INFO in dispatcher: Update id=219027680 is handled. Duration 159 ms by bot id=7616289372
[2025-06-07 10:23:09] INFO in dispatcher: Update id=219027681 is handled. Duration 353 ms by bot id=7616289372
[2025-06-07 10:35:47] INFO in dispatcher: Start polling
[2025-06-07 10:35:48] INFO in dispatcher: Run polling for bot @prot_xafda_bot id=7616289372 - 'prot_bot'
[2025-06-07 10:35:48] INFO in dispatcher: Update id=219027682 is handled. Duration 173 ms by bot id=7616289372
[2025-06-07 10:36:15] INFO in dispatcher: Update id=219027683 is handled. Duration 215 ms by bot id=7616289372
[2025-06-07 10:36:17] INFO in dispatcher: Update id=219027684 is handled. Duration 115 ms by bot id=7616289372
[2025-06-07 10:36:18] INFO in dispatcher: Update id=219027685 is handled. Duration 121 ms by bot id=7616289372
[2025-06-07 10:36:27] INFO in dispatcher: Update id=219027686 is handled. Duration 67 ms by bot id=7616289372
[2025-06-07 10:36:28] INFO in dispatcher: Update id=219027687 is handled. Duration 163 ms by bot id=7616289372
[2025-06-07 10:36:30] INFO in dispatcher: Update id=219027688 is handled. Duration 185 ms by bot id=7616289372
[2025-06-07 10:36:31] INFO in dispatcher: Update id=219027689 is handled. Duration 126 ms by bot id=7616289372
[2025-06-07 10:38:23] INFO in dispatcher: Start polling
[2025-06-07 10:38:24] INFO in dispatcher: Run polling for bot @prot_xafda_bot id=7616289372 - 'prot_bot'
[2025-06-07 10:38:30] INFO in dispatcher: Update id=219027690 is handled. Duration 138 ms by bot id=7616289372
[2025-06-07 10:38:33] INFO in commands: User 485083720 called /start
[2025-06-07 10:38:33] INFO in dispatcher: Update id=219027691 is handled. Duration 130 ms by bot id=7616289372
[2025-06-07 10:38:38] INFO in dispatcher: Update id=219027692 is handled. Duration 60 ms by bot id=7616289372
[2025-06-07 10:38:38] INFO in dispatcher: Update id=219027693 is handled. Duration 93 ms by bot id=7616289372
[2025-06-07 10:38:38] INFO in dispatcher: Update id=219027694 is handled. Duration 59 ms by bot id=7616289372
[2025-06-07 10:38:38] INFO in dispatcher: Update id=219027695 is handled. Duration 67 ms by bot id=7616289372
[2025-06-07 10:38:39] INFO in dispatcher: Update id=219027696 is handled. Duration 0 ms by bot id=7616289372
[2025-06-07 10:38:39] INFO in dispatcher: Update id=219027697 is handled. Duration 0 ms by bot id=7616289372
[2025-06-07 10:38:39] INFO in dispatcher: Update id=219027698 is handled. Duration 0 ms by bot id=7616289372
[2025-06-07 10:38:39] INFO in dispatcher: Update id=219027699 is handled. Duration 0 ms by bot id=7616289372
[2025-06-07 10:38:40] INFO in dispatcher: Update id=219027700 is handled. Duration 0 ms by bot id=7616289372
[2025-06-07 10:38:40] INFO in dispatcher: Update id=219027701 is handled. Duration 0 ms by bot id=7616289372
[2025-06-07 10:38:40] INFO in dispatcher: Update id=219027702 is handled. Duration 0 ms by bot id=7616289372
[2025-06-07 10:38:40] INFO in dispatcher: Update id=219027703 is handled. Duration 0 ms by bot id=7616289372
[2025-06-07 10:38:41] INFO in dispatcher: Update id=219027704 is handled. Duration 0 ms by bot id=7616289372
[2025-06-07 10:38:41] INFO in dispatcher: Update id=219027705 is handled. Duration 0 ms by bot id=7616289372
[2025-06-07 10:38:41] INFO in dispatcher: Update id=219027706 is handled. Duration 0 ms by bot id=7616289372
[2025-06-07 10:38:41] INFO in dispatcher: Update id=219027707 is handled. Duration 0 ms by bot id=7616289372
[2025-06-07 10:38:41] INFO in dispatcher: Update id=219027708 is handled. Duration 0 ms by bot id=7616289372
[2025-06-07 10:49:59] INFO in dispatcher: Start polling
[2025-06-07 10:49:59] INFO in dispatcher: Run polling for bot @prot_xafda_bot id=7616289372 - 'prot_bot'
[2025-06-07 10:50:09] INFO in dispatcher: Update id=219027709 is handled. Duration 223 ms by bot id=7616289372
[2025-06-07 10:50:11] INFO in dispatcher: Update id=219027710 is handled. Duration 98 ms by bot id=7616289372
[2025-06-07 10:50:11] INFO in dispatcher: Update id=219027711 is handled. Duration 78 ms by bot id=7616289372
[2025-06-07 10:50:11] INFO in dispatcher: Update id=219027712 is handled. Duration 0 ms by bot id=7616289372
[2025-06-07 10:50:11] INFO in dispatcher: Update id=219027713 is handled. Duration 0 ms by bot id=7616289372
[2025-06-07 10:50:11] INFO in dispatcher: Update id=219027714 is handled. Duration 0 ms by bot id=7616289372
[2025-06-07 10:50:11] INFO in dispatcher: Update id=219027715 is handled. Duration 0 ms by bot id=7616289372
[2025-06-07 10:50:12] INFO in dispatcher: Update id=219027716 is handled. Duration 0 ms by bot id=7616289372
